08/26/2023 16:41:10 - WARNING - __main__ - Process rank: 0, device: cuda:0, n_gpu: 1distributed training: False, 16-bits training: True
08/26/2023 16:44:09 - WARNING - __main__ - Process rank: 0, device: cuda:0, n_gpu: 1distributed training: False, 16-bits training: True
08/26/2023 16:49:09 - WARNING - __main__ - Process rank: 0, device: cuda:0, n_gpu: 1distributed training: False, 16-bits training: True
08/27/2023 15:34:18 - WARNING - __main__ - Process rank: 0, device: cuda:0, n_gpu: 1distributed training: False, 16-bits training: True
08/27/2023 15:35:25 - WARNING - __main__ - Process rank: 0, device: cuda:0, n_gpu: 1distributed training: False, 16-bits training: True
08/27/2023 15:39:33 - WARNING - __main__ - Process rank: 0, device: cuda:0, n_gpu: 1distributed training: False, 16-bits training: True
08/27/2023 15:43:07 - WARNING - __main__ - Process rank: 0, device: cuda:0, n_gpu: 1distributed training: False, 16-bits training: True
08/27/2023 15:44:37 - WARNING - __main__ - Process rank: 0, device: cuda:0, n_gpu: 1distributed training: False, 16-bits training: True
08/27/2023 15:48:55 - WARNING - __main__ - Process rank: 0, device: cuda:0, n_gpu: 1distributed training: False, 16-bits training: True
08/27/2023 16:18:31 - WARNING - __main__ - Process rank: 0, device: cuda:0, n_gpu: 1distributed training: False, 16-bits training: True
08/27/2023 16:30:14 - WARNING - __main__ - Process rank: 0, device: cuda:0, n_gpu: 1distributed training: False, 16-bits training: True
08/27/2023 16:44:22 - WARNING - __main__ - Process rank: 0, device: cuda:0, n_gpu: 1distributed training: False, 16-bits training: True
08/28/2023 01:52:16 - WARNING - __main__ - Process rank: 0, device: cuda:0, n_gpu: 1distributed training: False, 16-bits training: True
08/28/2023 01:59:05 - WARNING - __main__ - Process rank: 0, device: cuda:0, n_gpu: 1distributed training: False, 16-bits training: True
08/28/2023 03:19:30 - WARNING - __main__ - Process rank: 0, device: cuda:0, n_gpu: 1distributed training: False, 16-bits training: True
08/28/2023 03:23:44 - WARNING - __main__ - Process rank: 0, device: cuda:0, n_gpu: 1distributed training: False, 16-bits training: True
08/28/2023 03:24:41 - WARNING - __main__ - Process rank: 0, device: cuda:0, n_gpu: 1distributed training: False, 16-bits training: True
08/28/2023 03:26:33 - WARNING - __main__ - Process rank: 0, device: cuda:0, n_gpu: 1distributed training: False, 16-bits training: True
08/28/2023 03:30:42 - WARNING - __main__ - Process rank: 0, device: cuda:0, n_gpu: 1distributed training: False, 16-bits training: True
08/28/2023 03:46:33 - WARNING - __main__ - Process rank: 0, device: cuda:0, n_gpu: 1distributed training: False, 16-bits training: True
08/28/2023 05:26:58 - WARNING - __main__ - Process rank: 0, device: cuda:0, n_gpu: 1distributed training: False, 16-bits training: True
08/28/2023 05:31:12 - WARNING - __main__ - Process rank: 0, device: cuda:0, n_gpu: 1distributed training: False, 16-bits training: True
08/28/2023 05:44:47 - WARNING - __main__ - Process rank: 0, device: cuda:0, n_gpu: 1distributed training: False, 16-bits training: True
08/28/2023 05:45:43 - WARNING - __main__ - Process rank: 0, device: cuda:0, n_gpu: 1distributed training: False, 16-bits training: True
08/28/2023 05:59:55 - WARNING - __main__ - Process rank: 0, device: cuda:0, n_gpu: 1distributed training: False, 16-bits training: True
08/28/2023 06:02:57 - WARNING - __main__ - Process rank: 0, device: cuda:0, n_gpu: 1distributed training: False, 16-bits training: True
08/28/2023 06:20:21 - WARNING - __main__ - Process rank: 0, device: cuda:0, n_gpu: 1distributed training: False, 16-bits training: True
08/28/2023 06:24:27 - WARNING - __main__ - Process rank: 0, device: cuda:0, n_gpu: 1distributed training: False, 16-bits training: True
08/28/2023 06:54:21 - WARNING - __main__ - Process rank: 0, device: cuda:0, n_gpu: 1distributed training: False, 16-bits training: True
08/28/2023 06:56:54 - WARNING - __main__ - Process rank: 0, device: cuda:0, n_gpu: 1distributed training: False, 16-bits training: True
08/29/2023 05:40:29 - WARNING - __main__ - Process rank: 0, device: cuda:0, n_gpu: 1distributed training: False, 16-bits training: True
08/29/2023 05:56:43 - INFO - torch.distributed.nn.jit.instantiator - Created a temporary directory at /tmp/tmpbm7ypqxy
08/29/2023 05:56:43 - INFO - torch.distributed.nn.jit.instantiator - Writing /tmp/tmpbm7ypqxy/_remote_module_non_scriptable.py
08/29/2023 05:57:08 - WARNING - __main__ - Process rank: 0, device: cuda:0, n_gpu: 1distributed training: False, 16-bits training: True
08/29/2023 05:57:08 - INFO - __main__ - Training/evaluation parameters Seq2SeqTrainingArguments(
_n_gpu=1,
adafactor=False,
adam_beta1=0.9,
adam_beta2=0.999,
adam_epsilon=1e-08,
auto_find_batch_size=False,
bf16=False,
bf16_full_eval=False,
data_seed=None,
dataloader_drop_last=False,
dataloader_num_workers=0,
dataloader_pin_memory=True,
ddp_backend=None,
ddp_broadcast_buffers=None,
ddp_bucket_cap_mb=None,
ddp_find_unused_parameters=None,
ddp_timeout=1800,
debug=[],
deepspeed=None,
disable_tqdm=False,
dispatch_batches=None,
do_eval=True,
do_predict=False,
do_train=False,
eval_accumulation_steps=None,
eval_delay=0,
eval_steps=100,
evaluation_strategy=steps,
fp16=True,
fp16_backend=auto,
fp16_full_eval=False,
fp16_opt_level=O1,
fsdp=[],
fsdp_config={'min_num_params': 0, 'xla': False, 'xla_fsdp_grad_ckpt': False},
fsdp_min_num_params=0,
fsdp_transformer_layer_cls_to_wrap=None,
full_determinism=False,
generation_config=None,
generation_max_length=None,
generation_num_beams=None,
gradient_accumulation_steps=1,
gradient_checkpointing=False,
greater_is_better=None,
group_by_length=False,
half_precision_backend=auto,
hub_always_push=False,
hub_model_id=None,
hub_private_repo=False,
hub_strategy=every_save,
hub_token=<HUB_TOKEN>,
ignore_data_skip=False,
include_inputs_for_metrics=False,
jit_mode_eval=False,
label_names=None,
label_smoothing_factor=0.0,
learning_rate=2e-05,
length_column_name=length,
load_best_model_at_end=False,
local_rank=0,
log_level=passive,
log_level_replica=warning,
log_on_each_node=True,
logging_dir=./result_vinai_test/runs/Aug29_05-57-08_bed62ce1ae7c,
logging_first_step=False,
logging_nan_inf_filter=True,
logging_steps=500,
logging_strategy=steps,
lr_scheduler_type=linear,
max_grad_norm=1.0,
max_steps=-1,
metric_for_best_model=None,
mp_parameters=,
no_cuda=False,
num_train_epochs=1,
optim=adamw_torch,
optim_args=None,
output_dir=./result_vinai_test,
overwrite_output_dir=False,
past_index=-1,
per_device_eval_batch_size=8,
per_device_train_batch_size=8,
predict_with_generate=True,
prediction_loss_only=False,
push_to_hub=False,
push_to_hub_model_id=None,
push_to_hub_organization=None,
push_to_hub_token=<PUSH_TO_HUB_TOKEN>,
ray_scope=last,
remove_unused_columns=True,
report_to=['wandb'],
resume_from_checkpoint=None,
run_name=./result_vinai_test,
save_on_each_node=False,
save_safetensors=False,
save_steps=500,
save_strategy=steps,
save_total_limit=3,
seed=42,
sharded_ddp=[],
skip_memory_metrics=True,
sortish_sampler=False,
tf32=None,
torch_compile=False,
torch_compile_backend=None,
torch_compile_mode=None,
torchdynamo=None,
tpu_metrics_debug=False,
tpu_num_cores=None,
use_cpu=False,
use_ipex=False,
use_legacy_prediction_loop=False,
use_mps_device=False,
warmup_ratio=0.0,
warmup_steps=0,
weight_decay=0.01,
)
08/29/2023 05:57:14 - INFO - __main__ - *** Train ***
08/29/2023 06:15:52 - INFO - torch.distributed.nn.jit.instantiator - Created a temporary directory at /tmp/tmpek1gxyvi
08/29/2023 06:15:52 - INFO - torch.distributed.nn.jit.instantiator - Writing /tmp/tmpek1gxyvi/_remote_module_non_scriptable.py
08/29/2023 06:16:05 - WARNING - __main__ - Process rank: 0, device: cuda:0, n_gpu: 1distributed training: False, 16-bits training: True
08/29/2023 06:16:05 - INFO - __main__ - Training/evaluation parameters Seq2SeqTrainingArguments(
_n_gpu=1,
adafactor=False,
adam_beta1=0.9,
adam_beta2=0.999,
adam_epsilon=1e-08,
auto_find_batch_size=False,
bf16=False,
bf16_full_eval=False,
data_seed=None,
dataloader_drop_last=False,
dataloader_num_workers=0,
dataloader_pin_memory=True,
ddp_backend=None,
ddp_broadcast_buffers=None,
ddp_bucket_cap_mb=None,
ddp_find_unused_parameters=None,
ddp_timeout=1800,
debug=[],
deepspeed=None,
disable_tqdm=False,
dispatch_batches=None,
do_eval=True,
do_predict=False,
do_train=False,
eval_accumulation_steps=None,
eval_delay=0,
eval_steps=100,
evaluation_strategy=steps,
fp16=True,
fp16_backend=auto,
fp16_full_eval=False,
fp16_opt_level=O1,
fsdp=[],
fsdp_config={'min_num_params': 0, 'xla': False, 'xla_fsdp_grad_ckpt': False},
fsdp_min_num_params=0,
fsdp_transformer_layer_cls_to_wrap=None,
full_determinism=False,
generation_config=None,
generation_max_length=None,
generation_num_beams=None,
gradient_accumulation_steps=1,
gradient_checkpointing=False,
greater_is_better=None,
group_by_length=False,
half_precision_backend=auto,
hub_always_push=False,
hub_model_id=None,
hub_private_repo=False,
hub_strategy=every_save,
hub_token=<HUB_TOKEN>,
ignore_data_skip=False,
include_inputs_for_metrics=False,
jit_mode_eval=False,
label_names=None,
label_smoothing_factor=0.0,
learning_rate=2e-05,
length_column_name=length,
load_best_model_at_end=False,
local_rank=0,
log_level=passive,
log_level_replica=warning,
log_on_each_node=True,
logging_dir=./result_vinai_test/runs/Aug29_06-16-05_bed62ce1ae7c,
logging_first_step=False,
logging_nan_inf_filter=True,
logging_steps=500,
logging_strategy=steps,
lr_scheduler_type=linear,
max_grad_norm=1.0,
max_steps=-1,
metric_for_best_model=None,
mp_parameters=,
no_cuda=False,
num_train_epochs=5,
optim=adamw_torch,
optim_args=None,
output_dir=./result_vinai_test,
overwrite_output_dir=False,
past_index=-1,
per_device_eval_batch_size=16,
per_device_train_batch_size=16,
predict_with_generate=True,
prediction_loss_only=False,
push_to_hub=False,
push_to_hub_model_id=None,
push_to_hub_organization=None,
push_to_hub_token=<PUSH_TO_HUB_TOKEN>,
ray_scope=last,
remove_unused_columns=True,
report_to=['wandb'],
resume_from_checkpoint=None,
run_name=your_favourite_name,
save_on_each_node=False,
save_safetensors=False,
save_steps=500,
save_strategy=steps,
save_total_limit=3,
seed=42,
sharded_ddp=[],
skip_memory_metrics=True,
sortish_sampler=False,
tf32=None,
torch_compile=False,
torch_compile_backend=None,
torch_compile_mode=None,
torchdynamo=None,
tpu_metrics_debug=False,
tpu_num_cores=None,
use_cpu=False,
use_ipex=False,
use_legacy_prediction_loop=False,
use_mps_device=False,
warmup_ratio=0.0,
warmup_steps=0,
weight_decay=0.01,
)
08/29/2023 06:16:07 - INFO - __main__ - *** Train ***
08/29/2023 06:19:41 - INFO - torch.distributed.nn.jit.instantiator - Created a temporary directory at /tmp/tmps884di7s
08/29/2023 06:19:41 - INFO - torch.distributed.nn.jit.instantiator - Writing /tmp/tmps884di7s/_remote_module_non_scriptable.py
08/29/2023 06:19:55 - WARNING - __main__ - Process rank: 0, device: cuda:0, n_gpu: 1distributed training: False, 16-bits training: True
08/29/2023 06:19:55 - INFO - __main__ - Training/evaluation parameters Seq2SeqTrainingArguments(
_n_gpu=1,
adafactor=False,
adam_beta1=0.9,
adam_beta2=0.999,
adam_epsilon=1e-08,
auto_find_batch_size=False,
bf16=False,
bf16_full_eval=False,
data_seed=None,
dataloader_drop_last=False,
dataloader_num_workers=0,
dataloader_pin_memory=True,
ddp_backend=None,
ddp_broadcast_buffers=None,
ddp_bucket_cap_mb=None,
ddp_find_unused_parameters=None,
ddp_timeout=1800,
debug=[],
deepspeed=None,
disable_tqdm=False,
dispatch_batches=None,
do_eval=True,
do_predict=False,
do_train=False,
eval_accumulation_steps=None,
eval_delay=0,
eval_steps=100,
evaluation_strategy=steps,
fp16=True,
fp16_backend=auto,
fp16_full_eval=False,
fp16_opt_level=O1,
fsdp=[],
fsdp_config={'min_num_params': 0, 'xla': False, 'xla_fsdp_grad_ckpt': False},
fsdp_min_num_params=0,
fsdp_transformer_layer_cls_to_wrap=None,
full_determinism=False,
generation_config=None,
generation_max_length=None,
generation_num_beams=None,
gradient_accumulation_steps=1,
gradient_checkpointing=False,
greater_is_better=False,
group_by_length=False,
half_precision_backend=auto,
hub_always_push=False,
hub_model_id=None,
hub_private_repo=False,
hub_strategy=every_save,
hub_token=<HUB_TOKEN>,
ignore_data_skip=False,
include_inputs_for_metrics=False,
jit_mode_eval=False,
label_names=None,
label_smoothing_factor=0.0,
learning_rate=2e-05,
length_column_name=length,
load_best_model_at_end=True,
local_rank=0,
log_level=passive,
log_level_replica=warning,
log_on_each_node=True,
logging_dir=./result_vinai_test/runs/Aug29_06-19-55_bed62ce1ae7c,
logging_first_step=False,
logging_nan_inf_filter=True,
logging_steps=500,
logging_strategy=steps,
lr_scheduler_type=linear,
max_grad_norm=1.0,
max_steps=-1,
metric_for_best_model=loss,
mp_parameters=,
no_cuda=False,
num_train_epochs=3,
optim=adamw_torch,
optim_args=None,
output_dir=./result_vinai_test,
overwrite_output_dir=False,
past_index=-1,
per_device_eval_batch_size=8,
per_device_train_batch_size=8,
predict_with_generate=True,
prediction_loss_only=False,
push_to_hub=False,
push_to_hub_model_id=None,
push_to_hub_organization=None,
push_to_hub_token=<PUSH_TO_HUB_TOKEN>,
ray_scope=last,
remove_unused_columns=True,
report_to=['wandb'],
resume_from_checkpoint=None,
run_name=your_favourite_name,
save_on_each_node=False,
save_safetensors=False,
save_steps=500,
save_strategy=steps,
save_total_limit=1,
seed=42,
sharded_ddp=[],
skip_memory_metrics=True,
sortish_sampler=False,
tf32=None,
torch_compile=False,
torch_compile_backend=None,
torch_compile_mode=None,
torchdynamo=None,
tpu_metrics_debug=False,
tpu_num_cores=None,
use_cpu=False,
use_ipex=False,
use_legacy_prediction_loop=False,
use_mps_device=False,
warmup_ratio=0.0,
warmup_steps=0,
weight_decay=0.01,
)
08/29/2023 06:19:57 - INFO - __main__ - *** Train ***
